Server is ready to accept connections on port 1527.
Connection number: 1.
----------------------------------------------------------------
2015-02-10 14:33:50.533 GMT:
 Booting Derby version The Apache Software Foundation - Apache Derby - 10.1.1.0 - (208786): instance c013800d-014b-73e8-c1e9-00000000002e
on database directory D:\git\projects\Project\db 

Database Class Loader started - derby.database.classpath=''
Connection number: 2.
Connection number: 3.
Connection number: 4.
Connection number: 5.
Connection number: 6.
Connection number: 7.
Connection number: 8.
Connection number: 9.
Connection number: 10.
Connection number: 11.
Connection number: 12.
Connection number: 13.
Connection number: 14.
Connection number: 15.
Connection number: 16.
Connection number: 17.
Connection number: 18.
Connection number: 19.
